<?xml version="1.0" encoding="UTF-8"?>
<!-- Generated by org.testng.reporters.JUnitXMLReporter -->
<testsuite hostname="DESKTOP-O933604" ignored="0" name="ChromeTest" tests="10" failures="0" timestamp="15 Kov 2017 12:02:34 GMT" time="60.008" errors="0">
  <testcase name="loginAdministrator" time="0.787" classname="it.akademija.smoke.SmokeTest"/>
  <testcase name="registerCounty" time="3.99" classname="it.akademija.smoke.SmokeTest"/>
  <testcase name="registerDistrict" time="2.823" classname="it.akademija.smoke.SmokeTest"/>
  <testcase name="registerRepresentative" time="7.901" classname="it.akademija.smoke.SmokeTest"/>
  <testcase name="registerParty" time="1.47" classname="it.akademija.smoke.SmokeTest"/>
  <testcase name="addCandidatesList" time="8.692" classname="it.akademija.smoke.SmokeTest"/>
  <testcase name="fillingSingleMemberResults" time="2.149" classname="it.akademija.smoke.SmokeTest"/>
  <testcase name="fillingMultiMemberResults" time="3.865" classname="it.akademija.smoke.SmokeTest"/>
  <testcase name="confirmingSingleMemberResults" time="14.841" classname="it.akademija.smoke.SmokeTest"/>
  <testcase name="confirmingMultiMemberResults" time="1.107" classname="it.akademija.smoke.SmokeTest"/>
</testsuite> <!-- ChromeTest -->
