<?xml version="1.0" encoding="UTF-8"?>
<!-- Generated by org.testng.reporters.JUnitXMLReporter -->
<testsuite hostname="DESKTOP-O933604" ignored="0" name="Election" tests="3" failures="0" timestamp="09 Vas 2017 09:51:54 GMT" time="11.861" errors="0">
  <testcase name="wrongAdministratorLogin" time="2.801" classname="it.akademija.admin.TestLoginAdministrator"/>
  <testcase name="testLoginAdministrator" time="0.578" classname="it.akademija.admin.TestLoginAdministrator"/>
  <testcase name="logoutAdministrator" time="0.2" classname="it.akademija.admin.TestLoginAdministrator"/>
</testsuite> <!-- Election -->
