<?xml version="1.0" encoding="UTF-8"?>
<!-- Generated by org.testng.reporters.JUnitXMLReporter -->
<testsuite hostname="DESKTOP-O933604" ignored="0" name="Suite" tests="29" failures="0" timestamp="15 Kov 2017 12:01:25 GMT" time="210.891" errors="0">
  <testcase name="registerCountyTest" time="2.95" classname="it.akademija.admin.CountyTest"/>
  <testcase name="registerCountyTest" time="0.735" classname="it.akademija.admin.CountyTest"/>
  <testcase name="registerMultipleCountiesTest" time="7.283" classname="it.akademija.admin.CountyTest"/>
  <testcase name="editCountyTest" time="3.419" classname="it.akademija.admin.CountyTest"/>
  <testcase name="deleteCountyTest" time="6.555" classname="it.akademija.admin.CountyTest"/>
  <testcase name="addCandidatesListTest" time="3.948" classname="it.akademija.admin.CountyTest"/>
  <testcase name="registerDistrictTest" time="2.464" classname="it.akademija.admin.DistrictTest"/>
  <testcase name="registerDistrictTest" time="1.525" classname="it.akademija.admin.DistrictTest"/>
  <testcase name="registerExistingDistrictAndAssigntToDifferentCountyTest" time="2.092" classname="it.akademija.admin.DistrictTest"/>
  <testcase name="registerMultipleDistrictsToDifferentCountiesTest" time="5.825" classname="it.akademija.admin.DistrictTest"/>
  <testcase name="registerMultipleDistrictsToOneCountyTest" time="5.825" classname="it.akademija.admin.DistrictTest"/>
  <testcase name="editDistrictTest" time="3.667" classname="it.akademija.admin.DistrictTest"/>
  <testcase name="deleteDistrictTest" time="2.524" classname="it.akademija.admin.DistrictTest"/>
  <testcase name="registerMultipleRepresentativesTest" time="13.928" classname="it.akademija.admin.RepresentativeTest"/>
  <testcase name="registerSingleRepresentativeTest" time="3.588" classname="it.akademija.admin.RepresentativeTest"/>
  <testcase name="registerPartyWithOtherFileTest" time="1.368" classname="it.akademija.admin.PartyTest"/>
  <testcase name="registerPartyWithoutFileTest" time="0.996" classname="it.akademija.admin.PartyTest"/>
  <testcase name="registerPartyTest" time="1.188" classname="it.akademija.admin.PartyTest"/>
  <testcase name="registerPartyTest" time="0.778" classname="it.akademija.admin.PartyTest"/>
  <testcase name="registerPartyTest2" time="1.042" classname="it.akademija.admin.PartyTest"/>
  <testcase name="editPartyTest" time="3.106" classname="it.akademija.admin.PartyTest"/>
  <testcase name="deletePartyTest" time="2.908" classname="it.akademija.admin.PartyTest"/>
  <testcase name="deleteCandidatesTest" time="2.718" classname="it.akademija.admin.PartyTest"/>
  <testcase name="editNameAndSurnameTest" time="7.918" classname="it.akademija.admin.CandidatesTest"/>
  <testcase name="fillingSingleMemberResults" time="1.524" classname="it.akademija.representative.SingleMemberTest"/>
  <testcase name="fillingMultiMemberResults" time="3.486" classname="it.akademija.representative.MultiMemberTest"/>
  <testcase name="deleteResultsInSingleMemberTest" time="2.834" classname="it.akademija.admin.ResultsTest"/>
  <testcase name="deleteResultsInMultiMemberTest" time="1.604" classname="it.akademija.admin.ResultsTest"/>
  <testcase name="deleteAllData" time="26.035" classname="it.akademija.voting.DeletionOfAllData"/>
</testsuite> <!-- Suite -->
