<?xml version="1.0" encoding="UTF-8"?>
<!-- Generated by org.testng.reporters.JUnitXMLReporter -->
<testsuite hostname="DESKTOP-O933604" ignored="0" name="Test Login" tests="3" failures="0" timestamp="09 Vas 2017 10:03:45 GMT" time="7.272" errors="0">
  <testcase name="wrongAdministratorLogin" time="1.107" classname="it.akademija.admin.TestLoginAdministrator"/>
  <testcase name="testLoginAdministrator" time="0.737" classname="it.akademija.admin.TestLoginAdministrator"/>
  <testcase name="logoutAdministrator" time="0.243" classname="it.akademija.admin.TestLoginAdministrator"/>
</testsuite> <!-- Test Login -->
