<?xml version="1.0" encoding="UTF-8"?>
<!-- Generated by org.testng.reporters.JUnitXMLReporter -->
<testsuite hostname="DESKTOP-O933604" ignored="0" name="Test Administrator&#039;s pages" tests="3" failures="3" timestamp="13 Vas 2017 10:13:19 GMT" time="6.439" errors="0">
  <testcase name="wrongAdministratorLogin" time="0.008" classname="it.akademija.admin.TestLoginAdministrator">
    <failure type="java.lang.NullPointerException">
      <![CDATA[java.lang.NullPointerException
	at org.openqa.selenium.support.pagefactory.DefaultElementLocator.findElement(DefaultElementLocator.java:69)
	at org.openqa.selenium.support.pagefactory.internal.LocatingElementHandler.invoke(LocatingElementHandler.java:38)
	at com.sun.proxy.$Proxy8.click(Unknown Source)
	at it.akademija.admin.LoginPage.login(LoginPage.java:40)
	at it.akademija.admin.TestLoginAdministrator.wrongAdministratorLogin(TestLoginAdministrator.java:42)
... Removed 25 stack frames]]>
    </failure>
  </testcase> <!-- wrongAdministratorLogin -->
  <testcase name="testLoginAdministrator" time="0.002" classname="it.akademija.admin.TestLoginAdministrator">
    <failure type="java.lang.NullPointerException">
      <![CDATA[java.lang.NullPointerException
	at org.openqa.selenium.support.pagefactory.DefaultElementLocator.findElement(DefaultElementLocator.java:69)
	at org.openqa.selenium.support.pagefactory.internal.LocatingElementHandler.invoke(LocatingElementHandler.java:38)
	at com.sun.proxy.$Proxy8.click(Unknown Source)
	at it.akademija.admin.LoginPage.login(LoginPage.java:40)
	at it.akademija.admin.TestLoginAdministrator.testLoginAdministrator(TestLoginAdministrator.java:54)
... Removed 25 stack frames]]>
    </failure>
  </testcase> <!-- testLoginAdministrator -->
  <testcase name="logoutAdministrator" time="0.002" classname="it.akademija.admin.TestLoginAdministrator">
    <failure type="java.lang.NullPointerException">
      <![CDATA[java.lang.NullPointerException
	at it.akademija.admin.LoginPage.clickToLogout(LoginPage.java:52)
	at it.akademija.admin.TestLoginAdministrator.logoutAdministrator(TestLoginAdministrator.java:63)
... Removed 25 stack frames]]>
    </failure>
  </testcase> <!-- logoutAdministrator -->
</testsuite> <!-- Test Administrator's pages -->
