<?xml version="1.0" encoding="UTF-8"?>
<!-- Generated by org.testng.reporters.JUnitXMLReporter -->
<testsuite hostname="DESKTOP-O933604" ignored="7" tests="0" failures="0" timestamp="02 Kov 2017 10:21:02 GMT" time="0.008" errors="0">
  <testcase name="registerPartyWithoutFileTest" time="0.0" classname="it.akademija.admin.PartyTest">
    <ignored/>
  </testcase> <!-- registerPartyWithoutFileTest -->
  <testcase name="registerPartyTest2" time="0.0" classname="it.akademija.admin.PartyTest">
    <ignored/>
  </testcase> <!-- registerPartyTest2 -->
  <testcase name="registerPartyWithOtherFileTest" time="0.0" classname="it.akademija.admin.PartyTest">
    <ignored/>
  </testcase> <!-- registerPartyWithOtherFileTest -->
  <testcase name="deleteCandidatesTest" time="0.0" classname="it.akademija.admin.PartyTest">
    <ignored/>
  </testcase> <!-- deleteCandidatesTest -->
  <testcase name="deletePartyTest" time="0.0" classname="it.akademija.admin.PartyTest">
    <ignored/>
  </testcase> <!-- deletePartyTest -->
  <testcase name="editPartyTest" time="0.0" classname="it.akademija.admin.PartyTest">
    <ignored/>
  </testcase> <!-- editPartyTest -->
  <testcase name="registerPartyTest" time="0.0" classname="it.akademija.admin.PartyTest">
    <ignored/>
  </testcase> <!-- registerPartyTest -->
</testsuite>
